ERROR - 2022-04-29 04:03:45 --> Error connecting to the database: No connection could be made because the target machine actively refused it.

CRITICAL - 2022-04-29 04:03:45 --> Unable to connect to the database.
Main connection [MySQLi]: No connection could be made because the target machine actively refused it.

#0 C:\xampp\htdocs\qubehealth\system\Database\BaseConnection.php(577): CodeIgniter\Database\BaseConnection->initialize()
#1 C:\xampp\htdocs\qubehealth\system\Database\BaseBuilder.php(1455): CodeIgniter\Database\BaseConnection->query('SELECT *\nFROM `...', Array, false)
#2 C:\xampp\htdocs\qubehealth\app\Controllers\Users.php(124): CodeIgniter\Database\BaseBuilder->get()
#3 C:\xampp\htdocs\qubehealth\system\CodeIgniter.php(832): App\Controllers\Users->getUserByPhone('7021407127')
#4 C:\xampp\htdocs\qubehealth\system\CodeIgniter.php(419): CodeIgniter\CodeIgniter->runController(Object(App\Controllers\Users))
#5 C:\xampp\htdocs\qubehealth\system\CodeIgniter.php(326): CodeIgniter\CodeIgniter->handleRequest(NULL, Object(Config\Cache), false)
#6 C:\xampp\htdocs\qubehealth\public\index.php(37): CodeIgniter\CodeIgniter->run()
#7 C:\xampp\htdocs\qubehealth\system\Commands\Server\rewrite.php(43): require_once('C:\\xampp\\htdocs...')
#8 {main}
ERROR - 2022-04-29 04:04:26 --> Error connecting to the database: No connection could be made because the target machine actively refused it.

CRITICAL - 2022-04-29 04:04:26 --> Unable to connect to the database.
Main connection [MySQLi]: No connection could be made because the target machine actively refused it.

#0 C:\xampp\htdocs\qubehealth\system\Database\BaseConnection.php(577): CodeIgniter\Database\BaseConnection->initialize()
#1 C:\xampp\htdocs\qubehealth\system\Database\BaseBuilder.php(1455): CodeIgniter\Database\BaseConnection->query('SELECT *\nFROM `...', Array, false)
#2 C:\xampp\htdocs\qubehealth\app\Controllers\Users.php(124): CodeIgniter\Database\BaseBuilder->get()
#3 C:\xampp\htdocs\qubehealth\system\CodeIgniter.php(832): App\Controllers\Users->getUserByPhone('7021407127')
#4 C:\xampp\htdocs\qubehealth\system\CodeIgniter.php(419): CodeIgniter\CodeIgniter->runController(Object(App\Controllers\Users))
#5 C:\xampp\htdocs\qubehealth\system\CodeIgniter.php(326): CodeIgniter\CodeIgniter->handleRequest(NULL, Object(Config\Cache), false)
#6 C:\xampp\htdocs\qubehealth\public\index.php(37): CodeIgniter\CodeIgniter->run()
#7 C:\xampp\htdocs\qubehealth\system\Commands\Server\rewrite.php(43): require_once('C:\\xampp\\htdocs...')
#8 {main}
ERROR - 2022-04-29 04:28:42 --> Duplicate entry '9820915803' for key 'mobile_number'
ERROR - 2022-04-29 04:29:15 --> Duplicate entry '9820915803' for key 'mobile_number'
ERROR - 2022-04-29 04:30:01 --> Duplicate entry '9820915803' for key 'mobile_number'
ERROR - 2022-04-29 04:30:06 --> Duplicate entry '9820915803' for key 'mobile_number'
ERROR - 2022-04-29 04:31:24 --> Duplicate entry '9820915803' for key 'mobile_number'
ERROR - 2022-04-29 04:32:34 --> Duplicate entry '7021407127' for key 'mobile_number'
