CRITICAL - 2022-04-26 13:21:38 --> The framework needs the following extension(s) installed and loaded: intl.
#0 C:\xampp\htdocs\qubehealth\system\CodeIgniter.php(219): CodeIgniter\Exceptions\FrameworkException::forMissingExtension('intl')
#1 C:\xampp\htdocs\qubehealth\system\CodeIgniter.php(177): CodeIgniter\CodeIgniter->resolvePlatformExtensions()
#2 C:\xampp\htdocs\qubehealth\system\bootstrap.php(146): CodeIgniter\CodeIgniter->initialize()
#3 C:\xampp\htdocs\qubehealth\public\index.php(28): require('C:\\xampp\\htdocs...')
#4 {main}
CRITICAL - 2022-04-26 13:22:06 --> The framework needs the following extension(s) installed and loaded: intl.
#0 C:\xampp\htdocs\qubehealth\system\CodeIgniter.php(219): CodeIgniter\Exceptions\FrameworkException::forMissingExtension('intl')
#1 C:\xampp\htdocs\qubehealth\system\CodeIgniter.php(177): CodeIgniter\CodeIgniter->resolvePlatformExtensions()
#2 C:\xampp\htdocs\qubehealth\system\bootstrap.php(146): CodeIgniter\CodeIgniter->initialize()
#3 C:\xampp\htdocs\qubehealth\public\index.php(28): require('C:\\xampp\\htdocs...')
#4 {main}
CRITICAL - 2022-04-26 13:25:36 --> The framework needs the following extension(s) installed and loaded: intl.
#0 C:\xampp\htdocs\qubehealth\system\CodeIgniter.php(219): CodeIgniter\Exceptions\FrameworkException::forMissingExtension('intl')
#1 C:\xampp\htdocs\qubehealth\system\CodeIgniter.php(177): CodeIgniter\CodeIgniter->resolvePlatformExtensions()
#2 C:\xampp\htdocs\qubehealth\system\bootstrap.php(146): CodeIgniter\CodeIgniter->initialize()
#3 C:\xampp\htdocs\qubehealth\spark(45): require('C:\\xampp\\htdocs...')
#4 {main}
CRITICAL - 2022-04-26 13:29:41 --> The framework needs the following extension(s) installed and loaded: intl.
#0 C:\xampp\htdocs\qubehealth\system\CodeIgniter.php(219): CodeIgniter\Exceptions\FrameworkException::forMissingExtension('intl')
#1 C:\xampp\htdocs\qubehealth\system\CodeIgniter.php(177): CodeIgniter\CodeIgniter->resolvePlatformExtensions()
#2 C:\xampp\htdocs\qubehealth\system\bootstrap.php(146): CodeIgniter\CodeIgniter->initialize()
#3 C:\xampp\htdocs\qubehealth\spark(45): require('C:\\xampp\\htdocs...')
#4 {main}
CRITICAL - 2022-04-26 13:29:50 --> The framework needs the following extension(s) installed and loaded: intl.
#0 C:\xampp\htdocs\qubehealth\system\CodeIgniter.php(219): CodeIgniter\Exceptions\FrameworkException::forMissingExtension('intl')
#1 C:\xampp\htdocs\qubehealth\system\CodeIgniter.php(177): CodeIgniter\CodeIgniter->resolvePlatformExtensions()
#2 C:\xampp\htdocs\qubehealth\system\bootstrap.php(146): CodeIgniter\CodeIgniter->initialize()
#3 C:\xampp\htdocs\qubehealth\public\index.php(28): require('C:\\xampp\\htdocs...')
#4 {main}
CRITICAL - 2022-04-26 13:30:00 --> The framework needs the following extension(s) installed and loaded: intl.
#0 C:\xampp\htdocs\qubehealth\system\CodeIgniter.php(219): CodeIgniter\Exceptions\FrameworkException::forMissingExtension('intl')
#1 C:\xampp\htdocs\qubehealth\system\CodeIgniter.php(177): CodeIgniter\CodeIgniter->resolvePlatformExtensions()
#2 C:\xampp\htdocs\qubehealth\system\bootstrap.php(146): CodeIgniter\CodeIgniter->initialize()
#3 C:\xampp\htdocs\qubehealth\spark(45): require('C:\\xampp\\htdocs...')
#4 {main}
CRITICAL - 2022-04-26 13:38:07 --> The framework needs the following extension(s) installed and loaded: intl.
#0 C:\xampp\htdocs\qubehealth\system\CodeIgniter.php(219): CodeIgniter\Exceptions\FrameworkException::forMissingExtension('intl')
#1 C:\xampp\htdocs\qubehealth\system\CodeIgniter.php(177): CodeIgniter\CodeIgniter->resolvePlatformExtensions()
#2 C:\xampp\htdocs\qubehealth\system\bootstrap.php(146): CodeIgniter\CodeIgniter->initialize()
#3 C:\xampp\htdocs\qubehealth\spark(45): require('C:\\xampp\\htdocs...')
#4 {main}
CRITICAL - 2022-04-26 13:39:32 --> The framework needs the following extension(s) installed and loaded: intl.
#0 C:\xampp\htdocs\qubehealth\system\CodeIgniter.php(219): CodeIgniter\Exceptions\FrameworkException::forMissingExtension('intl')
#1 C:\xampp\htdocs\qubehealth\system\CodeIgniter.php(177): CodeIgniter\CodeIgniter->resolvePlatformExtensions()
#2 C:\xampp\htdocs\qubehealth\system\bootstrap.php(146): CodeIgniter\CodeIgniter->initialize()
#3 C:\xampp\htdocs\qubehealth\spark(45): require('C:\\xampp\\htdocs...')
#4 {main}
CRITICAL - 2022-04-26 13:39:45 --> The framework needs the following extension(s) installed and loaded: intl.
#0 C:\xampp\htdocs\qubehealth\system\CodeIgniter.php(219): CodeIgniter\Exceptions\FrameworkException::forMissingExtension('intl')
#1 C:\xampp\htdocs\qubehealth\system\CodeIgniter.php(177): CodeIgniter\CodeIgniter->resolvePlatformExtensions()
#2 C:\xampp\htdocs\qubehealth\system\bootstrap.php(146): CodeIgniter\CodeIgniter->initialize()
#3 C:\xampp\htdocs\qubehealth\spark(45): require('C:\\xampp\\htdocs...')
#4 {main}
CRITICAL - 2022-04-26 07:39:38 --> Trait 'App\Controllers\ResponseTrait' not found
#0 [internal function]: CodeIgniter\Debug\Exceptions->shutdownHandler()
#1 {main}
