ERROR - 2022-04-27 05:57:27 --> Table 'qubehealth.users1' doesn't exist
ERROR - 2022-04-27 05:58:19 --> Table 'qubehealth.users1' doesn't exist
ERROR - 2022-04-27 06:00:59 --> Table 'qubehealth.users1' doesn't exist
ERROR - 2022-04-27 06:02:00 --> Table 'qubehealth.users1' doesn't exist
ERROR - 2022-04-27 06:02:34 --> Table 'qubehealth.users1' doesn't exist
ERROR - 2022-04-27 06:03:04 --> Table 'qubehealth.users1' doesn't exist
ERROR - 2022-04-27 06:03:54 --> Table 'qubehealth.users1' doesn't exist
ERROR - 2022-04-27 06:54:51 --> Duplicate entry '7021407127' for key 'mobile_number'
ERROR - 2022-04-27 06:55:44 --> Duplicate entry '7021407127' for key 'mobile_number'
ERROR - 2022-04-27 07:03:42 --> Cannot add or update a child row: a foreign key constraint fails (`qubehealth`.`documents`, CONSTRAINT `mobile_foreign_key` FOREIGN KEY (`mobile_number`) REFERENCES `users` (`mobile_number`))
ERROR - 2022-04-27 11:50:45 --> Error connecting to the database: No connection could be made because the target machine actively refused it.

CRITICAL - 2022-04-27 11:50:45 --> Unable to connect to the database.
Main connection [MySQLi]: No connection could be made because the target machine actively refused it.

#0 C:\xampp\htdocs\qubehealth\system\Database\BaseConnection.php(577): CodeIgniter\Database\BaseConnection->initialize()
#1 C:\xampp\htdocs\qubehealth\system\Database\BaseBuilder.php(1771): CodeIgniter\Database\BaseConnection->query('INSERT INTO `us...', Array, false)
#2 C:\xampp\htdocs\qubehealth\system\Model.php(239): CodeIgniter\Database\BaseBuilder->insert()
#3 C:\xampp\htdocs\qubehealth\system\BaseModel.php(738): CodeIgniter\Model->doInsert(Array)
#4 C:\xampp\htdocs\qubehealth\system\Model.php(625): CodeIgniter\BaseModel->insert(Array, false)
#5 C:\xampp\htdocs\qubehealth\system\BaseModel.php(658): CodeIgniter\Model->insert(Array, false)
#6 C:\xampp\htdocs\qubehealth\app\Controllers\Users.php(67): CodeIgniter\BaseModel->save(Array)
#7 C:\xampp\htdocs\qubehealth\system\CodeIgniter.php(832): App\Controllers\Users->create()
#8 C:\xampp\htdocs\qubehealth\system\CodeIgniter.php(419): CodeIgniter\CodeIgniter->runController(Object(App\Controllers\Users))
#9 C:\xampp\htdocs\qubehealth\system\CodeIgniter.php(326): CodeIgniter\CodeIgniter->handleRequest(NULL, Object(Config\Cache), false)
#10 C:\xampp\htdocs\qubehealth\public\index.php(37): CodeIgniter\CodeIgniter->run()
#11 C:\xampp\htdocs\qubehealth\system\Commands\Server\rewrite.php(43): require_once('C:\\xampp\\htdocs...')
#12 {main}
ERROR - 2022-04-27 11:55:50 --> Error connecting to the database: No connection could be made because the target machine actively refused it.

CRITICAL - 2022-04-27 11:55:50 --> Unable to connect to the database.
Main connection [MySQLi]: No connection could be made because the target machine actively refused it.

#0 C:\xampp\htdocs\qubehealth\system\Database\BaseConnection.php(577): CodeIgniter\Database\BaseConnection->initialize()
#1 C:\xampp\htdocs\qubehealth\system\Database\BaseBuilder.php(1771): CodeIgniter\Database\BaseConnection->query('INSERT INTO `us...', Array, false)
#2 C:\xampp\htdocs\qubehealth\system\Model.php(239): CodeIgniter\Database\BaseBuilder->insert()
#3 C:\xampp\htdocs\qubehealth\system\BaseModel.php(738): CodeIgniter\Model->doInsert(Array)
#4 C:\xampp\htdocs\qubehealth\system\Model.php(625): CodeIgniter\BaseModel->insert(Array, false)
#5 C:\xampp\htdocs\qubehealth\system\BaseModel.php(658): CodeIgniter\Model->insert(Array, false)
#6 C:\xampp\htdocs\qubehealth\app\Controllers\Users.php(67): CodeIgniter\BaseModel->save(Array)
#7 C:\xampp\htdocs\qubehealth\system\CodeIgniter.php(832): App\Controllers\Users->create()
#8 C:\xampp\htdocs\qubehealth\system\CodeIgniter.php(419): CodeIgniter\CodeIgniter->runController(Object(App\Controllers\Users))
#9 C:\xampp\htdocs\qubehealth\system\CodeIgniter.php(326): CodeIgniter\CodeIgniter->handleRequest(NULL, Object(Config\Cache), false)
#10 C:\xampp\htdocs\qubehealth\public\index.php(37): CodeIgniter\CodeIgniter->run()
#11 C:\xampp\htdocs\qubehealth\system\Commands\Server\rewrite.php(43): require_once('C:\\xampp\\htdocs...')
#12 {main}
ERROR - 2022-04-27 11:56:10 --> Error connecting to the database: No connection could be made because the target machine actively refused it.

CRITICAL - 2022-04-27 11:56:10 --> Unable to connect to the database.
Main connection [MySQLi]: No connection could be made because the target machine actively refused it.

#0 C:\xampp\htdocs\qubehealth\system\Database\BaseConnection.php(577): CodeIgniter\Database\BaseConnection->initialize()
#1 C:\xampp\htdocs\qubehealth\system\Database\BaseBuilder.php(1771): CodeIgniter\Database\BaseConnection->query('INSERT INTO `us...', Array, false)
#2 C:\xampp\htdocs\qubehealth\system\Model.php(239): CodeIgniter\Database\BaseBuilder->insert()
#3 C:\xampp\htdocs\qubehealth\system\BaseModel.php(738): CodeIgniter\Model->doInsert(Array)
#4 C:\xampp\htdocs\qubehealth\system\Model.php(625): CodeIgniter\BaseModel->insert(Array, false)
#5 C:\xampp\htdocs\qubehealth\system\BaseModel.php(658): CodeIgniter\Model->insert(Array, false)
#6 C:\xampp\htdocs\qubehealth\app\Controllers\Users.php(67): CodeIgniter\BaseModel->save(Array)
#7 C:\xampp\htdocs\qubehealth\system\CodeIgniter.php(832): App\Controllers\Users->create()
#8 C:\xampp\htdocs\qubehealth\system\CodeIgniter.php(419): CodeIgniter\CodeIgniter->runController(Object(App\Controllers\Users))
#9 C:\xampp\htdocs\qubehealth\system\CodeIgniter.php(326): CodeIgniter\CodeIgniter->handleRequest(NULL, Object(Config\Cache), false)
#10 C:\xampp\htdocs\qubehealth\public\index.php(37): CodeIgniter\CodeIgniter->run()
#11 C:\xampp\htdocs\qubehealth\system\Commands\Server\rewrite.php(43): require_once('C:\\xampp\\htdocs...')
#12 {main}
ERROR - 2022-04-27 14:06:15 --> Error connecting to the database: No connection could be made because the target machine actively refused it.

CRITICAL - 2022-04-27 14:06:15 --> Unable to connect to the database.
Main connection [MySQLi]: No connection could be made because the target machine actively refused it.

#0 C:\xampp\htdocs\qubehealth\system\Database\BaseConnection.php(577): CodeIgniter\Database\BaseConnection->initialize()
#1 C:\xampp\htdocs\qubehealth\system\Database\BaseBuilder.php(1771): CodeIgniter\Database\BaseConnection->query('INSERT INTO `us...', Array, false)
#2 C:\xampp\htdocs\qubehealth\system\Model.php(239): CodeIgniter\Database\BaseBuilder->insert()
#3 C:\xampp\htdocs\qubehealth\system\BaseModel.php(738): CodeIgniter\Model->doInsert(Array)
#4 C:\xampp\htdocs\qubehealth\system\Model.php(625): CodeIgniter\BaseModel->insert(Array, false)
#5 C:\xampp\htdocs\qubehealth\system\BaseModel.php(658): CodeIgniter\Model->insert(Array, false)
#6 C:\xampp\htdocs\qubehealth\app\Controllers\Users.php(67): CodeIgniter\BaseModel->save(Array)
#7 C:\xampp\htdocs\qubehealth\system\CodeIgniter.php(832): App\Controllers\Users->create()
#8 C:\xampp\htdocs\qubehealth\system\CodeIgniter.php(419): CodeIgniter\CodeIgniter->runController(Object(App\Controllers\Users))
#9 C:\xampp\htdocs\qubehealth\system\CodeIgniter.php(326): CodeIgniter\CodeIgniter->handleRequest(NULL, Object(Config\Cache), false)
#10 C:\xampp\htdocs\qubehealth\public\index.php(37): CodeIgniter\CodeIgniter->run()
#11 C:\xampp\htdocs\qubehealth\system\Commands\Server\rewrite.php(43): require_once('C:\\xampp\\htdocs...')
#12 {main}
ERROR - 2022-04-27 14:07:01 --> Duplicate entry '7021407127' for key 'mobile_number'
ERROR - 2022-04-27 14:07:55 --> Duplicate entry '7021407127' for key 'mobile_number'
ERROR - 2022-04-27 14:08:04 --> Duplicate entry '7021407127' for key 'mobile_number'
ERROR - 2022-04-27 14:08:32 --> Duplicate entry '7021407127' for key 'mobile_number'
ERROR - 2022-04-27 14:08:56 --> Duplicate entry '7021407127' for key 'mobile_number'
ERROR - 2022-04-27 14:11:04 --> Duplicate entry '7021407127' for key 'mobile_number'
ERROR - 2022-04-27 14:11:54 --> Duplicate entry '7021407127' for key 'mobile_number'
ERROR - 2022-04-27 14:12:03 --> Duplicate entry '7021407127' for key 'mobile_number'
ERROR - 2022-04-27 14:12:23 --> Duplicate entry '7021407127' for key 'mobile_number'
ERROR - 2022-04-27 14:13:22 --> Duplicate entry '7021407127' for key 'mobile_number'
ERROR - 2022-04-27 14:13:35 --> Duplicate entry '7021407127' for key 'mobile_number'
ERROR - 2022-04-27 14:14:39 --> Duplicate entry '7021407127' for key 'mobile_number'
ERROR - 2022-04-27 14:15:01 --> Duplicate entry '7021407127' for key 'mobile_number'
ERROR - 2022-04-27 14:15:20 --> Duplicate entry '7021407127' for key 'mobile_number'
ERROR - 2022-04-27 14:15:27 --> Duplicate entry '7021407127' for key 'mobile_number'
